Flow report for DE10_Standard_FB
Fri Jan 01 21:38:53 2021
Quartus Prime Version 18.1.0 Build 625 09/12/2018 SJ Lite Edition


---------------------
; Table of Contents ;
---------------------
  1. Legal Notice
  2. Flow Summary
  3. Flow Settings
  4. Flow Non-Default Global Settings
  5. Flow Elapsed Time
  6. Flow OS Summary
  7. Flow Log
  8. Flow Messages
  9. Flow Suppressed Messages



----------------
; Legal Notice ;
----------------
Copyright (C) 2018  Intel Corporation. All rights reserved.
Your use of Intel Corporation's design tools, logic functions 
and other software and tools, and its AMPP partner logic 
functions, and any output files from any of the foregoing 
(including device programming or simulation files), and any 
associated documentation or information are expressly subject 
to the terms and conditions of the Intel Program License 
Subscription Agreement, the Intel Quartus Prime License Agreement,
the Intel FPGA IP License Agreement, or other applicable license
agreement, including, without limitation, that your use is for
the sole purpose of programming logic devices manufactured by
Intel and sold by Intel or its authorized distributors.  Please
refer to the applicable agreement for further details.



+-------------------------------------------------------------------------------+
; Flow Summary                                                                  ;
+---------------------------------+---------------------------------------------+
; Flow Status                     ; Successful - Fri Jan 01 21:37:20 2021       ;
; Quartus Prime Version           ; 18.1.0 Build 625 09/12/2018 SJ Lite Edition ;
; Revision Name                   ; DE10_Standard_FB                            ;
; Top-level Entity Name           ; DE10_Standard_FB                            ;
; Family                          ; Cyclone V                                   ;
; Device                          ; 5CSXFC6D6F31C6                              ;
; Timing Models                   ; Final                                       ;
; Logic utilization (in ALMs)     ; 9,367 / 41,910 ( 22 % )                     ;
; Total registers                 ; 21933                                       ;
; Total pins                      ; 321 / 499 ( 64 % )                          ;
; Total virtual pins              ; 0                                           ;
; Total block memory bits         ; 814,916 / 5,662,720 ( 14 % )                ;
; Total DSP Blocks                ; 0 / 112 ( 0 % )                             ;
; Total HSSI RX PCSs              ; 0 / 9 ( 0 % )                               ;
; Total HSSI PMA RX Deserializers ; 0 / 9 ( 0 % )                               ;
; Total HSSI TX PCSs              ; 0 / 9 ( 0 % )                               ;
; Total HSSI PMA TX Serializers   ; 0 / 9 ( 0 % )                               ;
; Total PLLs                      ; 1 / 15 ( 7 % )                              ;
; Total DLLs                      ; 1 / 4 ( 25 % )                              ;
+---------------------------------+---------------------------------------------+


+-----------------------------------------+
; Flow Settings                           ;
+-------------------+---------------------+
; Option            ; Setting             ;
+-------------------+---------------------+
; Start date & time ; 01/01/2021 21:22:41 ;
; Main task         ; Compilation         ;
; Revision Name     ; DE10_Standard_FB    ;
+-------------------+---------------------+


+------------------------------------------------------------------------------------------------------------------------------------------------------------------------------------------------+
; Flow Non-Default Global Settings                                                                                                                                                               ;
+---------------------------------------+------------------------------------------------------------------------------------+---------------+--------------------------------+------------------+
; Assignment Name                       ; Value                                                                              ; Default Value ; Entity Name                    ; Section Id       ;
+---------------------------------------+------------------------------------------------------------------------------------+---------------+--------------------------------+------------------+
; COMPILER_SIGNATURE_ID                 ; 182924282726489.160955775414036                                                    ; --            ; --                             ; --               ;
; ECO_REGENERATE_REPORT                 ; On                                                                                 ; Off           ; --                             ; --               ;
; ENABLE_SIGNALTAP                      ; On                                                                                 ; --            ; --                             ; --               ;
; FITTER_EFFORT                         ; Standard Fit                                                                       ; Auto Fit      ; --                             ; --               ;
; HPS_ISW_FILE                          ; soc_system/synthesis/submodules/sequencer/alt_types.pre.h                          ; --            ; soc_system_hps_0_hps_io_border ; --               ;
; HPS_ISW_FILE                          ; soc_system/synthesis/submodules/sequencer/emif.pre.xml                             ; --            ; soc_system_hps_0_hps_io_border ; --               ;
; HPS_ISW_FILE                          ; soc_system/synthesis/submodules/sequencer/sdram_io.pre.h                           ; --            ; soc_system_hps_0_hps_io_border ; --               ;
; HPS_ISW_FILE                          ; soc_system/synthesis/submodules/sequencer/sequencer.pre.c                          ; --            ; soc_system_hps_0_hps_io_border ; --               ;
; HPS_ISW_FILE                          ; soc_system/synthesis/submodules/sequencer/sequencer.pre.h                          ; --            ; soc_system_hps_0_hps_io_border ; --               ;
; HPS_ISW_FILE                          ; soc_system/synthesis/submodules/sequencer/sequencer_auto.pre.h                     ; --            ; soc_system_hps_0_hps_io_border ; --               ;
; HPS_ISW_FILE                          ; soc_system/synthesis/submodules/sequencer/sequencer_auto_ac_init.pre.c             ; --            ; soc_system_hps_0_hps_io_border ; --               ;
; HPS_ISW_FILE                          ; soc_system/synthesis/submodules/sequencer/sequencer_auto_inst_init.pre.c           ; --            ; soc_system_hps_0_hps_io_border ; --               ;
; HPS_ISW_FILE                          ; soc_system/synthesis/submodules/sequencer/sequencer_defines.pre.h                  ; --            ; soc_system_hps_0_hps_io_border ; --               ;
; HPS_ISW_FILE                          ; soc_system/synthesis/submodules/sequencer/system.pre.h                             ; --            ; soc_system_hps_0_hps_io_border ; --               ;
; HPS_ISW_FILE                          ; soc_system/synthesis/submodules/sequencer/tclrpt.pre.c                             ; --            ; soc_system_hps_0_hps_io_border ; --               ;
; HPS_ISW_FILE                          ; soc_system/synthesis/submodules/sequencer/tclrpt.pre.h                             ; --            ; soc_system_hps_0_hps_io_border ; --               ;
; HPS_ISW_FILE                          ; soc_system/synthesis/submodules/hps.pre.xml                                        ; --            ; soc_system_hps_0_hps_io_border ; --               ;
; HPS_PARTITION                         ; On                                                                                 ; --            ; soc_system_hps_0_hps_io_border ; --               ;
; MAX_CORE_JUNCTION_TEMP                ; 85                                                                                 ; --            ; --                             ; --               ;
; MIN_CORE_JUNCTION_TEMP                ; 0                                                                                  ; --            ; --                             ; --               ;
; MISC_FILE                             ; v/lpm_pll_sim/lpm_pll.vo                                                           ; --            ; --                             ; --               ;
; MISC_FILE                             ; v/lpm_pll.cmp                                                                      ; --            ; --                             ; --               ;
; MISC_FILE                             ; v/add_bb.v                                                                         ; --            ; --                             ; --               ;
; MISC_FILE                             ; v/a2d_data_b/synthesis/../a2d_data_b.cmp                                           ; --            ; --                             ; --               ;
; MISC_FILE                             ; v/a2d_data_b/synthesis/../../a2d_data_b.qsys                                       ; --            ; --                             ; --               ;
; MISC_FILE                             ; v/a2d_data_a/synthesis/../a2d_data_a.cmp                                           ; --            ; --                             ; --               ;
; MISC_FILE                             ; v/a2d_data_a/synthesis/../../a2d_data_a.qsys                                       ; --            ; --                             ; --               ;
; MISC_FILE                             ; ip/altsource_probe/hps_reset_bb.v                                                  ; --            ; --                             ; --               ;
; MISC_FILE                             ; soc_system/synthesis/../soc_system.cmp                                             ; --            ; --                             ; --               ;
; MISC_FILE                             ; soc_system/synthesis/../../E                                                       ; --            ; --                             ; --               ;
; MISC_FILE                             ; soc_system/synthesis/soc_system_hps_0_hps.svd                                      ; --            ; --                             ; --               ;
; MISC_FILE                             ; soc_system/synthesis/../../soc_system.qsys                                         ; --            ; --                             ; --               ;
; MISC_FILE                             ; soc_system/synthesis/submodules/sequencer/alt_types.pre.h                          ; --            ; --                             ; --               ;
; MISC_FILE                             ; soc_system/synthesis/submodules/sequencer/emif.pre.xml                             ; --            ; --                             ; --               ;
; MISC_FILE                             ; soc_system/synthesis/submodules/sequencer/sdram_io.pre.h                           ; --            ; --                             ; --               ;
; MISC_FILE                             ; soc_system/synthesis/submodules/sequencer/sequencer.pre.c                          ; --            ; --                             ; --               ;
; MISC_FILE                             ; soc_system/synthesis/submodules/sequencer/sequencer.pre.h                          ; --            ; --                             ; --               ;
; MISC_FILE                             ; soc_system/synthesis/submodules/sequencer/sequencer_auto.pre.h                     ; --            ; --                             ; --               ;
; MISC_FILE                             ; soc_system/synthesis/submodules/sequencer/sequencer_auto_ac_init.pre.c             ; --            ; --                             ; --               ;
; MISC_FILE                             ; soc_system/synthesis/submodules/sequencer/sequencer_auto_inst_init.pre.c           ; --            ; --                             ; --               ;
; MISC_FILE                             ; soc_system/synthesis/submodules/sequencer/sequencer_defines.pre.h                  ; --            ; --                             ; --               ;
; MISC_FILE                             ; soc_system/synthesis/submodules/sequencer/system.pre.h                             ; --            ; --                             ; --               ;
; MISC_FILE                             ; soc_system/synthesis/submodules/sequencer/tclrpt.pre.c                             ; --            ; --                             ; --               ;
; MISC_FILE                             ; soc_system/synthesis/submodules/sequencer/tclrpt.pre.h                             ; --            ; --                             ; --               ;
; MISC_FILE                             ; soc_system/synthesis/submodules/hps.pre.xml                                        ; --            ; --                             ; --               ;
; MUX_RESTRUCTURE                       ; Off                                                                                ; Auto          ; --                             ; --               ;
; OPTIMIZATION_MODE                     ; Aggressive Performance                                                             ; Balanced      ; --                             ; --               ;
; OPTIMIZATION_TECHNIQUE                ; Speed                                                                              ; Balanced      ; --                             ; --               ;
; PARTITION_COLOR                       ; -- (Not supported for targeted family)                                             ; --            ; --                             ; Top              ;
; PARTITION_FITTER_PRESERVATION_LEVEL   ; -- (Not supported for targeted family)                                             ; --            ; --                             ; Top              ;
; PARTITION_NETLIST_TYPE                ; -- (Not supported for targeted family)                                             ; --            ; --                             ; Top              ;
; PHYSICAL_SYNTHESIS_COMBO_LOGIC        ; On                                                                                 ; Off           ; --                             ; --               ;
; PHYSICAL_SYNTHESIS_REGISTER_RETIMING  ; On                                                                                 ; Off           ; --                             ; --               ;
; PLACEMENT_EFFORT_MULTIPLIER           ; 4.0                                                                                ; 1.0           ; --                             ; --               ;
; POWER_BOARD_THERMAL_MODEL             ; None (CONSERVATIVE)                                                                ; --            ; --                             ; --               ;
; POWER_PRESET_COOLING_SOLUTION         ; 23 MM HEAT SINK WITH 200 LFPM AIRFLOW                                              ; --            ; --                             ; --               ;
; PROJECT_OUTPUT_DIRECTORY              ; output_files                                                                       ; --            ; --                             ; --               ;
; ROUTER_TIMING_OPTIMIZATION_LEVEL      ; MAXIMUM                                                                            ; Normal        ; --                             ; --               ;
; SEARCH_PATH                           ; software/NIOS_APP/mem_init/                                                        ; --            ; --                             ; --               ;
; SLD_FILE                              ; v/a2d_data_b/synthesis/a2d_data_b.debuginfo                                        ; --            ; --                             ; --               ;
; SLD_FILE                              ; v/a2d_data_a/synthesis/a2d_data_a.debuginfo                                        ; --            ; --                             ; --               ;
; SLD_FILE                              ; soc_system/synthesis/soc_system.regmap                                             ; --            ; --                             ; --               ;
; SLD_FILE                              ; soc_system/synthesis/soc_system.debuginfo                                          ; --            ; --                             ; --               ;
; SLD_FILE                              ; db/stp1_auto_stripped.stp                                                          ; --            ; --                             ; --               ;
; SLD_INFO                              ; QSYS_NAME a2d_data_a HAS_SOPCINFO 1 GENERATION_ID 1485074971                       ; --            ; a2d_data_a                     ; --               ;
; SLD_INFO                              ; QSYS_NAME a2d_data_b HAS_SOPCINFO 1 GENERATION_ID 1485074880                       ; --            ; a2d_data_b                     ; --               ;
; SLD_INFO                              ; QSYS_NAME soc_system HAS_SOPCINFO 1 GENERATION_ID 1609451400                       ; --            ; soc_system                     ; --               ;
; SLD_NODE_CREATOR_ID                   ; 110                                                                                ; --            ; --                             ; auto_signaltap_0 ;
; SLD_NODE_ENTITY_NAME                  ; sld_signaltap                                                                      ; --            ; --                             ; auto_signaltap_0 ;
; SLD_NODE_PARAMETER_ASSIGNMENT         ; SLD_RAM_BLOCK_TYPE=AUTO                                                            ; --            ; --                             ; auto_signaltap_0 ;
; SLD_NODE_PARAMETER_ASSIGNMENT         ; SLD_DATA_BITS=68                                                                   ; --            ; --                             ; auto_signaltap_0 ;
; SLD_NODE_PARAMETER_ASSIGNMENT         ; SLD_TRIGGER_BITS=68                                                                ; --            ; --                             ; auto_signaltap_0 ;
; SLD_NODE_PARAMETER_ASSIGNMENT         ; SLD_STORAGE_QUALIFIER_BITS=68                                                      ; --            ; --                             ; auto_signaltap_0 ;
; SLD_NODE_PARAMETER_ASSIGNMENT         ; SLD_NODE_INFO=805334528                                                            ; --            ; --                             ; auto_signaltap_0 ;
; SLD_NODE_PARAMETER_ASSIGNMENT         ; SLD_POWER_UP_TRIGGER=0                                                             ; --            ; --                             ; auto_signaltap_0 ;
; SLD_NODE_PARAMETER_ASSIGNMENT         ; SLD_STORAGE_QUALIFIER_INVERSION_MASK_LENGTH=0                                      ; --            ; --                             ; auto_signaltap_0 ;
; SLD_NODE_PARAMETER_ASSIGNMENT         ; SLD_SEGMENT_SIZE=4096                                                              ; --            ; --                             ; auto_signaltap_0 ;
; SLD_NODE_PARAMETER_ASSIGNMENT         ; SLD_ATTRIBUTE_MEM_MODE=OFF                                                         ; --            ; --                             ; auto_signaltap_0 ;
; SLD_NODE_PARAMETER_ASSIGNMENT         ; SLD_STATE_FLOW_USE_GENERATED=0                                                     ; --            ; --                             ; auto_signaltap_0 ;
; SLD_NODE_PARAMETER_ASSIGNMENT         ; SLD_STATE_BITS=11                                                                  ; --            ; --                             ; auto_signaltap_0 ;
; SLD_NODE_PARAMETER_ASSIGNMENT         ; SLD_BUFFER_FULL_STOP=1                                                             ; --            ; --                             ; auto_signaltap_0 ;
; SLD_NODE_PARAMETER_ASSIGNMENT         ; SLD_CURRENT_RESOURCE_WIDTH=1                                                       ; --            ; --                             ; auto_signaltap_0 ;
; SLD_NODE_PARAMETER_ASSIGNMENT         ; SLD_INCREMENTAL_ROUTING=1                                                          ; --            ; --                             ; auto_signaltap_0 ;
; SLD_NODE_PARAMETER_ASSIGNMENT         ; SLD_TRIGGER_LEVEL=1                                                                ; --            ; --                             ; auto_signaltap_0 ;
; SLD_NODE_PARAMETER_ASSIGNMENT         ; SLD_SAMPLE_DEPTH=4096                                                              ; --            ; --                             ; auto_signaltap_0 ;
; SLD_NODE_PARAMETER_ASSIGNMENT         ; SLD_TRIGGER_IN_ENABLED=0                                                           ; --            ; --                             ; auto_signaltap_0 ;
; SLD_NODE_PARAMETER_ASSIGNMENT         ; SLD_TRIGGER_PIPELINE=0                                                             ; --            ; --                             ; auto_signaltap_0 ;
; SLD_NODE_PARAMETER_ASSIGNMENT         ; SLD_RAM_PIPELINE=0                                                                 ; --            ; --                             ; auto_signaltap_0 ;
; SLD_NODE_PARAMETER_ASSIGNMENT         ; SLD_COUNTER_PIPELINE=0                                                             ; --            ; --                             ; auto_signaltap_0 ;
; SLD_NODE_PARAMETER_ASSIGNMENT         ; SLD_TRIGGER_LEVEL_PIPELINE=1                                                       ; --            ; --                             ; auto_signaltap_0 ;
; SLD_NODE_PARAMETER_ASSIGNMENT         ; SLD_INVERSION_MASK=00000000000000000000000000                                      ; --            ; --                             ; auto_signaltap_0 ;
; SLD_NODE_PARAMETER_ASSIGNMENT         ; SLD_INVERSION_MASK_LENGTH=26                                                       ; --            ; --                             ; auto_signaltap_0 ;
; SLD_NODE_PARAMETER_ASSIGNMENT         ; SLD_ADVANCED_TRIGGER_ENTITY=sld_reserved_DE10_Standard_FB_auto_signaltap_0_1_db47, ; --            ; --                             ; auto_signaltap_0 ;
; SLD_NODE_PARAMETER_ASSIGNMENT         ; SLD_ENABLE_ADVANCED_TRIGGER=1                                                      ; --            ; --                             ; auto_signaltap_0 ;
; SOPCINFO_FILE                         ; v/a2d_data_b/synthesis/../../a2d_data_b.sopcinfo                                   ; --            ; --                             ; --               ;
; SOPCINFO_FILE                         ; v/a2d_data_a/synthesis/../../a2d_data_a.sopcinfo                                   ; --            ; --                             ; --               ;
; SOPCINFO_FILE                         ; soc_system/synthesis/../../soc_system.sopcinfo                                     ; --            ; --                             ; --               ;
; SPD_FILE                              ; v/lpm_pll.spd                                                                      ; --            ; --                             ; --               ;
; SYNTHESIS_ONLY_QIP                    ; On                                                                                 ; --            ; --                             ; --               ;
; SYNTHESIS_ONLY_QIP                    ; On                                                                                 ; --            ; --                             ; --               ;
; SYNTHESIS_ONLY_QIP                    ; On                                                                                 ; --            ; --                             ; --               ;
; SYNTHESIS_ONLY_QIP                    ; On                                                                                 ; --            ; --                             ; --               ;
; USE_DLL_FREQUENCY_FOR_DQS_DELAY_CHAIN ; On                                                                                 ; Off           ; --                             ; --               ;
; USE_SIGNALTAP_FILE                    ; stp1.stp                                                                           ; --            ; --                             ; --               ;
+---------------------------------------+------------------------------------------------------------------------------------+---------------+--------------------------------+------------------+


+--------------------------------------------------------------------------------------------------------------------------+
; Flow Elapsed Time                                                                                                        ;
+----------------------+--------------+-------------------------+---------------------+------------------------------------+
; Module Name          ; Elapsed Time ; Average Processors Used ; Peak Virtual Memory ; Total CPU Time (on all processors) ;
+----------------------+--------------+-------------------------+---------------------+------------------------------------+
; Analysis & Synthesis ; 00:03:27     ; 1.3                     ; 5691 MB             ; 00:04:29                           ;
; Fitter               ; 00:07:19     ; 1.3                     ; 7777 MB             ; 00:16:31                           ;
; Assembler            ; 00:00:24     ; 1.0                     ; 5091 MB             ; 00:00:23                           ;
; Timing Analyzer      ; 00:01:25     ; 1.8                     ; 5985 MB             ; 00:02:25                           ;
; Total                ; 00:12:35     ; --                      ; --                  ; 00:23:48                           ;
+----------------------+--------------+-------------------------+---------------------+------------------------------------+


+------------------------------------------------------------------------------------+
; Flow OS Summary                                                                    ;
+----------------------+------------------+------------+------------+----------------+
; Module Name          ; Machine Hostname ; OS Name    ; OS Version ; Processor type ;
+----------------------+------------------+------------+------------+----------------+
; Analysis & Synthesis ; DESKTOP-4DCQONT  ; Windows 10 ; 10.0       ; x86_64         ;
; Fitter               ; DESKTOP-4DCQONT  ; Windows 10 ; 10.0       ; x86_64         ;
; Assembler            ; DESKTOP-4DCQONT  ; Windows 10 ; 10.0       ; x86_64         ;
; Timing Analyzer      ; DESKTOP-4DCQONT  ; Windows 10 ; 10.0       ; x86_64         ;
+----------------------+------------------+------------+------------+----------------+


------------
; Flow Log ;
------------
quartus_map --read_settings_files=on --write_settings_files=off DE10_Standard_FB -c DE10_Standard_FB
quartus_fit --read_settings_files=off --write_settings_files=off DE10_Standard_FB -c DE10_Standard_FB
quartus_asm --read_settings_files=off --write_settings_files=off DE10_Standard_FB -c DE10_Standard_FB
quartus_sta DE10_Standard_FB -c DE10_Standard_FB



