Info: Starting: Create block symbol file (.bsf)
Info: qsys-generate C:\Users\chris\Documents\HELEN\software\soc_system.qsys --block-symbol-file --output-directory=C:\Users\chris\Documents\HELEN\software\soc_system --family="Cyclone V" --part=5CSXFC6D6F31C6
Progress: Loading software/soc_system.qsys
Progress: Reading input file
Progress: Adding ILC [interrupt_latency_counter 18.1]
Progress: Parameterizing module ILC
Progress: Adding clk_50 [clock_source 18.1]
Progress: Parameterizing module clk_50
Progress: Adding dcc_data_0 [altera_avalon_pio 18.1]
Progress: Parameterizing module dcc_data_0
Progress: Adding dcc_data_1 [altera_avalon_pio 18.1]
Progress: Parameterizing module dcc_data_1
Progress: Adding dcc_data_10 [altera_avalon_pio 18.1]
Progress: Parameterizing module dcc_data_10
Progress: Adding dcc_data_11 [altera_avalon_pio 18.1]
Progress: Parameterizing module dcc_data_11
Progress: Adding dcc_data_12 [altera_avalon_pio 18.1]
Progress: Parameterizing module dcc_data_12
Progress: Adding dcc_data_13 [altera_avalon_pio 18.1]
Progress: Parameterizing module dcc_data_13
Progress: Adding dcc_data_14 [altera_avalon_pio 18.1]
Progress: Parameterizing module dcc_data_14
Progress: Adding dcc_data_15 [altera_avalon_pio 18.1]
Progress: Parameterizing module dcc_data_15
Progress: Adding dcc_data_16 [altera_avalon_pio 18.1]
Progress: Parameterizing module dcc_data_16
Progress: Adding dcc_data_17 [altera_avalon_pio 18.1]
Progress: Parameterizing module dcc_data_17
Progress: Adding dcc_data_18 [altera_avalon_pio 18.1]
Progress: Parameterizing module dcc_data_18
Progress: Adding dcc_data_19 [altera_avalon_pio 18.1]
Progress: Parameterizing module dcc_data_19
Progress: Adding dcc_data_2 [altera_avalon_pio 18.1]
Progress: Parameterizing module dcc_data_2
Progress: Adding dcc_data_20 [altera_avalon_pio 18.1]
Progress: Parameterizing module dcc_data_20
Progress: Adding dcc_data_21 [altera_avalon_pio 18.1]
Progress: Parameterizing module dcc_data_21
Progress: Adding dcc_data_22 [altera_avalon_pio 18.1]
Progress: Parameterizing module dcc_data_22
Progress: Adding dcc_data_23 [altera_avalon_pio 18.1]
Progress: Parameterizing module dcc_data_23
Progress: Adding dcc_data_24 [altera_avalon_pio 18.1]
Progress: Parameterizing module dcc_data_24
Progress: Adding dcc_data_25 [altera_avalon_pio 18.1]
Progress: Parameterizing module dcc_data_25
Progress: Adding dcc_data_26 [altera_avalon_pio 18.1]
Progress: Parameterizing module dcc_data_26
Progress: Adding dcc_data_27 [altera_avalon_pio 18.1]
Progress: Parameterizing module dcc_data_27
Progress: Adding dcc_data_28 [altera_avalon_pio 18.1]
Progress: Parameterizing module dcc_data_28
Progress: Adding dcc_data_29 [altera_avalon_pio 18.1]
Progress: Parameterizing module dcc_data_29
Progress: Adding dcc_data_3 [altera_avalon_pio 18.1]
Progress: Parameterizing module dcc_data_3
Progress: Adding dcc_data_30 [altera_avalon_pio 18.1]
Progress: Parameterizing module dcc_data_30
Progress: Adding dcc_data_31 [altera_avalon_pio 18.1]
Progress: Parameterizing module dcc_data_31
Progress: Adding dcc_data_4 [altera_avalon_pio 18.1]
Progress: Parameterizing module dcc_data_4
Progress: Adding dcc_data_5 [altera_avalon_pio 18.1]
Progress: Parameterizing module dcc_data_5
Progress: Adding dcc_data_6 [altera_avalon_pio 18.1]
Progress: Parameterizing module dcc_data_6
Progress: Adding dcc_data_7 [altera_avalon_pio 18.1]
Progress: Parameterizing module dcc_data_7
Progress: Adding dcc_data_8 [altera_avalon_pio 18.1]
Progress: Parameterizing module dcc_data_8
Progress: Adding dcc_data_9 [altera_avalon_pio 18.1]
Progress: Parameterizing module dcc_data_9
Progress: Adding dcc_time_out [altera_avalon_pio 18.1]
Progress: Parameterizing module dcc_time_out
Progress: Adding hps_0 [altera_hps 18.1]
Progress: Parameterizing module hps_0
Progress: Adding hps_read_bit [altera_avalon_pio 18.1]
Progress: Parameterizing module hps_read_bit
Progress: Adding jtag_uart [altera_avalon_jtag_uart 18.1]
Progress: Parameterizing module jtag_uart
Progress: Adding ledr [altera_avalon_pio 18.1]
Progress: Parameterizing module ledr
Progress: Adding mm_bridge_0 [altera_avalon_mm_bridge 18.1]
Progress: Parameterizing module mm_bridge_0
Progress: Adding nios2_gen2 [altera_nios2_gen2 18.1]
Progress: Parameterizing module nios2_gen2
Progress: Adding onchip_memory2 [altera_avalon_onchip_memory2 18.1]
Progress: Parameterizing module onchip_memory2
Progress: Adding pps_count_out [altera_avalon_pio 18.1]
Progress: Parameterizing module pps_count_out
Progress: Adding sw [altera_avalon_pio 18.1]
Progress: Parameterizing module sw
Progress: Adding sysid_qsys [altera_avalon_sysid_qsys 18.1]
Progress: Parameterizing module sysid_qsys
Progress: Adding timer [altera_avalon_timer 18.1]
Progress: Parameterizing module timer
Progress: Building connections
Progress: Parameterizing connections
Progress: Validating
Progress: Done reading input file
Info: soc_system.dcc_data_0: PIO inputs are not hardwired in test bench. Undefined values will be read from PIO inputs during simulation.
Info: soc_system.dcc_data_1: PIO inputs are not hardwired in test bench. Undefined values will be read from PIO inputs during simulation.
Info: soc_system.dcc_data_10: PIO inputs are not hardwired in test bench. Undefined values will be read from PIO inputs during simulation.
Info: soc_system.dcc_data_11: PIO inputs are not hardwired in test bench. Undefined values will be read from PIO inputs during simulation.
Info: soc_system.dcc_data_12: PIO inputs are not hardwired in test bench. Undefined values will be read from PIO inputs during simulation.
Info: soc_system.dcc_data_13: PIO inputs are not hardwired in test bench. Undefined values will be read from PIO inputs during simulation.
Info: soc_system.dcc_data_14: PIO inputs are not hardwired in test bench. Undefined values will be read from PIO inputs during simulation.
Info: soc_system.dcc_data_15: PIO inputs are not hardwired in test bench. Undefined values will be read from PIO inputs during simulation.
Info: soc_system.dcc_data_16: PIO inputs are not hardwired in test bench. Undefined values will be read from PIO inputs during simulation.
Info: soc_system.dcc_data_17: PIO inputs are not hardwired in test bench. Undefined values will be read from PIO inputs during simulation.
Info: soc_system.dcc_data_18: PIO inputs are not hardwired in test bench. Undefined values will be read from PIO inputs during simulation.
Info: soc_system.dcc_data_19: PIO inputs are not hardwired in test bench. Undefined values will be read from PIO inputs during simulation.
Info: soc_system.dcc_data_2: PIO inputs are not hardwired in test bench. Undefined values will be read from PIO inputs during simulation.
Info: soc_system.dcc_data_20: PIO inputs are not hardwired in test bench. Undefined values will be read from PIO inputs during simulation.
Info: soc_system.dcc_data_21: PIO inputs are not hardwired in test bench. Undefined values will be read from PIO inputs during simulation.
Info: soc_system.dcc_data_22: PIO inputs are not hardwired in test bench. Undefined values will be read from PIO inputs during simulation.
Info: soc_system.dcc_data_23: PIO inputs are not hardwired in test bench. Undefined values will be read from PIO inputs during simulation.
Info: soc_system.dcc_data_24: PIO inputs are not hardwired in test bench. Undefined values will be read from PIO inputs during simulation.
Info: soc_system.dcc_data_25: PIO inputs are not hardwired in test bench. Undefined values will be read from PIO inputs during simulation.
Info: soc_system.dcc_data_26: PIO inputs are not hardwired in test bench. Undefined values will be read from PIO inputs during simulation.
Info: soc_system.dcc_data_27: PIO inputs are not hardwired in test bench. Undefined values will be read from PIO inputs during simulation.
Info: soc_system.dcc_data_28: PIO inputs are not hardwired in test bench. Undefined values will be read from PIO inputs during simulation.
Info: soc_system.dcc_data_29: PIO inputs are not hardwired in test bench. Undefined values will be read from PIO inputs during simulation.
Info: soc_system.dcc_data_3: PIO inputs are not hardwired in test bench. Undefined values will be read from PIO inputs during simulation.
Info: soc_system.dcc_data_30: PIO inputs are not hardwired in test bench. Undefined values will be read from PIO inputs during simulation.
Info: soc_system.dcc_data_31: PIO inputs are not hardwired in test bench. Undefined values will be read from PIO inputs during simulation.
Info: soc_system.dcc_data_4: PIO inputs are not hardwired in test bench. Undefined values will be read from PIO inputs during simulation.
Info: soc_system.dcc_data_5: PIO inputs are not hardwired in test bench. Undefined values will be read from PIO inputs during simulation.
Info: soc_system.dcc_data_6: PIO inputs are not hardwired in test bench. Undefined values will be read from PIO inputs during simulation.
Info: soc_system.dcc_data_7: PIO inputs are not hardwired in test bench. Undefined values will be read from PIO inputs during simulation.
Info: soc_system.dcc_data_8: PIO inputs are not hardwired in test bench. Undefined values will be read from PIO inputs during simulation.
Info: soc_system.dcc_data_9: PIO inputs are not hardwired in test bench. Undefined values will be read from PIO inputs during simulation.
Info: soc_system.dcc_time_out: PIO inputs are not hardwired in test bench. Undefined values will be read from PIO inputs during simulation.
Info: soc_system.hps_0: HPS Main PLL counter settings: n = 0  m = 73
Info: soc_system.hps_0: HPS peripherial PLL counter settings: n = 0  m = 39
Warning: soc_system.hps_0: "Configuration/HPS-to-FPGA user 0 clock frequency" (desired_cfg_clk_mhz) requested 100.0 MHz, but only achieved 97.368421 MHz
Warning: soc_system.hps_0: "QSPI clock frequency" (desired_qspi_clk_mhz) requested 400.0 MHz, but only achieved 370.0 MHz
Warning: soc_system.hps_0: 1 or more output clock frequencies cannot be achieved precisely, consider revising desired output clock frequencies.
Info: soc_system.jtag_uart: JTAG UART IP input clock need to be at least double (2x) the operating frequency of JTAG TCK on board
Info: soc_system.pps_count_out: PIO inputs are not hardwired in test bench. Undefined values will be read from PIO inputs during simulation.
Info: soc_system.sw: PIO inputs are not hardwired in test bench. Undefined values will be read from PIO inputs during simulation.
Info: soc_system.sysid_qsys: System ID is not assigned automatically. Edit the System ID parameter to provide a unique ID
Info: soc_system.sysid_qsys: Time stamp will be automatically updated when this component is generated.
Warning: soc_system.hps_0: hps_0.f2h_sdram0_data must be connected to an Avalon-MM master
Info: qsys-generate succeeded.
Info: Finished: Create block symbol file (.bsf)
Info: 
Info: Starting: Create HDL design files for synthesis
Info: qsys-generate C:\Users\chris\Documents\HELEN\software\soc_system.qsys --synthesis=VERILOG --output-directory=C:\Users\chris\Documents\HELEN\software\soc_system\synthesis --family="Cyclone V" --part=5CSXFC6D6F31C6
Progress: Loading software/soc_system.qsys
Progress: Reading input file
Progress: Adding ILC [interrupt_latency_counter 18.1]
Progress: Parameterizing module ILC
Progress: Adding clk_50 [clock_source 18.1]
Progress: Parameterizing module clk_50
Progress: Adding dcc_data_0 [altera_avalon_pio 18.1]
Progress: Parameterizing module dcc_data_0
Progress: Adding dcc_data_1 [altera_avalon_pio 18.1]
Progress: Parameterizing module dcc_data_1
Progress: Adding dcc_data_10 [altera_avalon_pio 18.1]
Progress: Parameterizing module dcc_data_10
Progress: Adding dcc_data_11 [altera_avalon_pio 18.1]
Progress: Parameterizing module dcc_data_11
Progress: Adding dcc_data_12 [altera_avalon_pio 18.1]
Progress: Parameterizing module dcc_data_12
Progress: Adding dcc_data_13 [altera_avalon_pio 18.1]
Progress: Parameterizing module dcc_data_13
Progress: Adding dcc_data_14 [altera_avalon_pio 18.1]
Progress: Parameterizing module dcc_data_14
Progress: Adding dcc_data_15 [altera_avalon_pio 18.1]
Progress: Parameterizing module dcc_data_15
Progress: Adding dcc_data_16 [altera_avalon_pio 18.1]
Progress: Parameterizing module dcc_data_16
Progress: Adding dcc_data_17 [altera_avalon_pio 18.1]
Progress: Parameterizing module dcc_data_17
Progress: Adding dcc_data_18 [altera_avalon_pio 18.1]
Progress: Parameterizing module dcc_data_18
Progress: Adding dcc_data_19 [altera_avalon_pio 18.1]
Progress: Parameterizing module dcc_data_19
Progress: Adding dcc_data_2 [altera_avalon_pio 18.1]
Progress: Parameterizing module dcc_data_2
Progress: Adding dcc_data_20 [altera_avalon_pio 18.1]
Progress: Parameterizing module dcc_data_20
Progress: Adding dcc_data_21 [altera_avalon_pio 18.1]
Progress: Parameterizing module dcc_data_21
Progress: Adding dcc_data_22 [altera_avalon_pio 18.1]
Progress: Parameterizing module dcc_data_22
Progress: Adding dcc_data_23 [altera_avalon_pio 18.1]
Progress: Parameterizing module dcc_data_23
Progress: Adding dcc_data_24 [altera_avalon_pio 18.1]
Progress: Parameterizing module dcc_data_24
Progress: Adding dcc_data_25 [altera_avalon_pio 18.1]
Progress: Parameterizing module dcc_data_25
Progress: Adding dcc_data_26 [altera_avalon_pio 18.1]
Progress: Parameterizing module dcc_data_26
Progress: Adding dcc_data_27 [altera_avalon_pio 18.1]
Progress: Parameterizing module dcc_data_27
Progress: Adding dcc_data_28 [altera_avalon_pio 18.1]
Progress: Parameterizing module dcc_data_28
Progress: Adding dcc_data_29 [altera_avalon_pio 18.1]
Progress: Parameterizing module dcc_data_29
Progress: Adding dcc_data_3 [altera_avalon_pio 18.1]
Progress: Parameterizing module dcc_data_3
Progress: Adding dcc_data_30 [altera_avalon_pio 18.1]
Progress: Parameterizing module dcc_data_30
Progress: Adding dcc_data_31 [altera_avalon_pio 18.1]
Progress: Parameterizing module dcc_data_31
Progress: Adding dcc_data_4 [altera_avalon_pio 18.1]
Progress: Parameterizing module dcc_data_4
Progress: Adding dcc_data_5 [altera_avalon_pio 18.1]
Progress: Parameterizing module dcc_data_5
Progress: Adding dcc_data_6 [altera_avalon_pio 18.1]
Progress: Parameterizing module dcc_data_6
Progress: Adding dcc_data_7 [altera_avalon_pio 18.1]
Progress: Parameterizing module dcc_data_7
Progress: Adding dcc_data_8 [altera_avalon_pio 18.1]
Progress: Parameterizing module dcc_data_8
Progress: Adding dcc_data_9 [altera_avalon_pio 18.1]
Progress: Parameterizing module dcc_data_9
Progress: Adding dcc_time_out [altera_avalon_pio 18.1]
Progress: Parameterizing module dcc_time_out
Progress: Adding hps_0 [altera_hps 18.1]
Progress: Parameterizing module hps_0
Progress: Adding hps_read_bit [altera_avalon_pio 18.1]
Progress: Parameterizing module hps_read_bit
Progress: Adding jtag_uart [altera_avalon_jtag_uart 18.1]
Progress: Parameterizing module jtag_uart
Progress: Adding ledr [altera_avalon_pio 18.1]
Progress: Parameterizing module ledr
Progress: Adding mm_bridge_0 [altera_avalon_mm_bridge 18.1]
Progress: Parameterizing module mm_bridge_0
Progress: Adding nios2_gen2 [altera_nios2_gen2 18.1]
Progress: Parameterizing module nios2_gen2
Progress: Adding onchip_memory2 [altera_avalon_onchip_memory2 18.1]
Progress: Parameterizing module onchip_memory2
Progress: Adding pps_count_out [altera_avalon_pio 18.1]
Progress: Parameterizing module pps_count_out
Progress: Adding sw [altera_avalon_pio 18.1]
Progress: Parameterizing module sw
Progress: Adding sysid_qsys [altera_avalon_sysid_qsys 18.1]
Progress: Parameterizing module sysid_qsys
Progress: Adding timer [altera_avalon_timer 18.1]
Progress: Parameterizing module timer
Progress: Building connections
Progress: Parameterizing connections
Progress: Validating
Progress: Done reading input file
Info: soc_system.dcc_data_0: PIO inputs are not hardwired in test bench. Undefined values will be read from PIO inputs during simulation.
Info: soc_system.dcc_data_1: PIO inputs are not hardwired in test bench. Undefined values will be read from PIO inputs during simulation.
Info: soc_system.dcc_data_10: PIO inputs are not hardwired in test bench. Undefined values will be read from PIO inputs during simulation.
Info: soc_system.dcc_data_11: PIO inputs are not hardwired in test bench. Undefined values will be read from PIO inputs during simulation.
Info: soc_system.dcc_data_12: PIO inputs are not hardwired in test bench. Undefined values will be read from PIO inputs during simulation.
Info: soc_system.dcc_data_13: PIO inputs are not hardwired in test bench. Undefined values will be read from PIO inputs during simulation.
Info: soc_system.dcc_data_14: PIO inputs are not hardwired in test bench. Undefined values will be read from PIO inputs during simulation.
Info: soc_system.dcc_data_15: PIO inputs are not hardwired in test bench. Undefined values will be read from PIO inputs during simulation.
Info: soc_system.dcc_data_16: PIO inputs are not hardwired in test bench. Undefined values will be read from PIO inputs during simulation.
Info: soc_system.dcc_data_17: PIO inputs are not hardwired in test bench. Undefined values will be read from PIO inputs during simulation.
Info: soc_system.dcc_data_18: PIO inputs are not hardwired in test bench. Undefined values will be read from PIO inputs during simulation.
Info: soc_system.dcc_data_19: PIO inputs are not hardwired in test bench. Undefined values will be read from PIO inputs during simulation.
Info: soc_system.dcc_data_2: PIO inputs are not hardwired in test bench. Undefined values will be read from PIO inputs during simulation.
Info: soc_system.dcc_data_20: PIO inputs are not hardwired in test bench. Undefined values will be read from PIO inputs during simulation.
Info: soc_system.dcc_data_21: PIO inputs are not hardwired in test bench. Undefined values will be read from PIO inputs during simulation.
Info: soc_system.dcc_data_22: PIO inputs are not hardwired in test bench. Undefined values will be read from PIO inputs during simulation.
Info: soc_system.dcc_data_23: PIO inputs are not hardwired in test bench. Undefined values will be read from PIO inputs during simulation.
Info: soc_system.dcc_data_24: PIO inputs are not hardwired in test bench. Undefined values will be read from PIO inputs during simulation.
Info: soc_system.dcc_data_25: PIO inputs are not hardwired in test bench. Undefined values will be read from PIO inputs during simulation.
Info: soc_system.dcc_data_26: PIO inputs are not hardwired in test bench. Undefined values will be read from PIO inputs during simulation.
Info: soc_system.dcc_data_27: PIO inputs are not hardwired in test bench. Undefined values will be read from PIO inputs during simulation.
Info: soc_system.dcc_data_28: PIO inputs are not hardwired in test bench. Undefined values will be read from PIO inputs during simulation.
Info: soc_system.dcc_data_29: PIO inputs are not hardwired in test bench. Undefined values will be read from PIO inputs during simulation.
Info: soc_system.dcc_data_3: PIO inputs are not hardwired in test bench. Undefined values will be read from PIO inputs during simulation.
Info: soc_system.dcc_data_30: PIO inputs are not hardwired in test bench. Undefined values will be read from PIO inputs during simulation.
Info: soc_system.dcc_data_31: PIO inputs are not hardwired in test bench. Undefined values will be read from PIO inputs during simulation.
Info: soc_system.dcc_data_4: PIO inputs are not hardwired in test bench. Undefined values will be read from PIO inputs during simulation.
Info: soc_system.dcc_data_5: PIO inputs are not hardwired in test bench. Undefined values will be read from PIO inputs during simulation.
Info: soc_system.dcc_data_6: PIO inputs are not hardwired in test bench. Undefined values will be read from PIO inputs during simulation.
Info: soc_system.dcc_data_7: PIO inputs are not hardwired in test bench. Undefined values will be read from PIO inputs during simulation.
Info: soc_system.dcc_data_8: PIO inputs are not hardwired in test bench. Undefined values will be read from PIO inputs during simulation.
Info: soc_system.dcc_data_9: PIO inputs are not hardwired in test bench. Undefined values will be read from PIO inputs during simulation.
Info: soc_system.dcc_time_out: PIO inputs are not hardwired in test bench. Undefined values will be read from PIO inputs during simulation.
Info: soc_system.hps_0: HPS Main PLL counter settings: n = 0  m = 73
Info: soc_system.hps_0: HPS peripherial PLL counter settings: n = 0  m = 39
Warning: soc_system.hps_0: "Configuration/HPS-to-FPGA user 0 clock frequency" (desired_cfg_clk_mhz) requested 100.0 MHz, but only achieved 97.368421 MHz
Warning: soc_system.hps_0: "QSPI clock frequency" (desired_qspi_clk_mhz) requested 400.0 MHz, but only achieved 370.0 MHz
Warning: soc_system.hps_0: 1 or more output clock frequencies cannot be achieved precisely, consider revising desired output clock frequencies.
Info: soc_system.jtag_uart: JTAG UART IP input clock need to be at least double (2x) the operating frequency of JTAG TCK on board
Info: soc_system.pps_count_out: PIO inputs are not hardwired in test bench. Undefined values will be read from PIO inputs during simulation.
Info: soc_system.sw: PIO inputs are not hardwired in test bench. Undefined values will be read from PIO inputs during simulation.
Info: soc_system.sysid_qsys: System ID is not assigned automatically. Edit the System ID parameter to provide a unique ID
Info: soc_system.sysid_qsys: Time stamp will be automatically updated when this component is generated.
Warning: soc_system.hps_0: hps_0.f2h_sdram0_data must be connected to an Avalon-MM master
Info: soc_system: Generating soc_system "soc_system" for QUARTUS_SYNTH
Info: Interconnect is inserted between master hps_0.h2f_lw_axi_master and slave mm_bridge_0.s0 because the master is of type axi and the slave is of type avalon.
Warning: hps_0.f2h_irq0: Cannot connect clock for irq_mapper.sender
Warning: hps_0.f2h_irq0: Cannot connect reset for irq_mapper.sender
Warning: hps_0.f2h_irq1: Cannot connect clock for irq_mapper_001.sender
Warning: hps_0.f2h_irq1: Cannot connect reset for irq_mapper_001.sender
Info: dcc_data_0: Starting RTL generation for module 'soc_system_dcc_data_0'
Info: dcc_data_0:   Generation command is [exec C:/intelfpga_lite/18.1/quartus/bin64/perl/bin/perl.exe -I C:/intelfpga_lite/18.1/quartus/bin64/perl/lib -I C:/intelfpga_lite/18.1/quartus/sopc_builder/bin/europa -I C:/intelfpga_lite/18.1/quartus/sopc_builder/bin/perl_lib -I C:/intelfpga_lite/18.1/quartus/sopc_builder/bin -I C:/intelfpga_lite/18.1/quartus/../ip/altera/sopc_builder_ip/common -I C:/intelfpga_lite/18.1/quartus/../ip/altera/sopc_builder_ip/altera_avalon_pio -- C:/intelfpga_lite/18.1/quartus/../ip/altera/sopc_builder_ip/altera_avalon_pio/generate_rtl.pl --name=soc_system_dcc_data_0 --dir=C:/Users/chris/AppData/Local/Temp/alt8271_4898970266329181008.dir/0002_dcc_data_0_gen/ --quartus_dir=C:/intelfpga_lite/18.1/quartus --verilog --config=C:/Users/chris/AppData/Local/Temp/alt8271_4898970266329181008.dir/0002_dcc_data_0_gen//soc_system_dcc_data_0_component_configuration.pl  --do_build_sim=0  ]
Info: dcc_data_0: Done RTL generation for module 'soc_system_dcc_data_0'
Info: dcc_data_0: "soc_system" instantiated altera_avalon_pio "dcc_data_0"
Info: dcc_time_out: Starting RTL generation for module 'soc_system_dcc_time_out'
Info: dcc_time_out:   Generation command is [exec C:/intelfpga_lite/18.1/quartus/bin64/perl/bin/perl.exe -I C:/intelfpga_lite/18.1/quartus/bin64/perl/lib -I C:/intelfpga_lite/18.1/quartus/sopc_builder/bin/europa -I C:/intelfpga_lite/18.1/quartus/sopc_builder/bin/perl_lib -I C:/intelfpga_lite/18.1/quartus/sopc_builder/bin -I C:/intelfpga_lite/18.1/quartus/../ip/altera/sopc_builder_ip/common -I C:/intelfpga_lite/18.1/quartus/../ip/altera/sopc_builder_ip/altera_avalon_pio -- C:/intelfpga_lite/18.1/quartus/../ip/altera/sopc_builder_ip/altera_avalon_pio/generate_rtl.pl --name=soc_system_dcc_time_out --dir=C:/Users/chris/AppData/Local/Temp/alt8271_4898970266329181008.dir/0003_dcc_time_out_gen/ --quartus_dir=C:/intelfpga_lite/18.1/quartus --verilog --config=C:/Users/chris/AppData/Local/Temp/alt8271_4898970266329181008.dir/0003_dcc_time_out_gen//soc_system_dcc_time_out_component_configuration.pl  --do_build_sim=0  ]
Info: dcc_time_out: Done RTL generation for module 'soc_system_dcc_time_out'
Info: dcc_time_out: "soc_system" instantiated altera_avalon_pio "dcc_time_out"
Info: hps_0: "Running  for module: hps_0"
Info: hps_0: HPS Main PLL counter settings: n = 0  m = 73
Info: hps_0: HPS peripherial PLL counter settings: n = 0  m = 39
Warning: hps_0: "Configuration/HPS-to-FPGA user 0 clock frequency" (desired_cfg_clk_mhz) requested 100.0 MHz, but only achieved 97.368421 MHz
Warning: hps_0: "QSPI clock frequency" (desired_qspi_clk_mhz) requested 400.0 MHz, but only achieved 370.0 MHz
Warning: hps_0: 1 or more output clock frequencies cannot be achieved precisely, consider revising desired output clock frequencies.
Info: hps_0: "soc_system" instantiated altera_hps "hps_0"
Info: hps_read_bit: Starting RTL generation for module 'soc_system_hps_read_bit'
Info: hps_read_bit:   Generation command is [exec C:/intelfpga_lite/18.1/quartus/bin64/perl/bin/perl.exe -I C:/intelfpga_lite/18.1/quartus/bin64/perl/lib -I C:/intelfpga_lite/18.1/quartus/sopc_builder/bin/europa -I C:/intelfpga_lite/18.1/quartus/sopc_builder/bin/perl_lib -I C:/intelfpga_lite/18.1/quartus/sopc_builder/bin -I C:/intelfpga_lite/18.1/quartus/../ip/altera/sopc_builder_ip/common -I C:/intelfpga_lite/18.1/quartus/../ip/altera/sopc_builder_ip/altera_avalon_pio -- C:/intelfpga_lite/18.1/quartus/../ip/altera/sopc_builder_ip/altera_avalon_pio/generate_rtl.pl --name=soc_system_hps_read_bit --dir=C:/Users/chris/AppData/Local/Temp/alt8271_4898970266329181008.dir/0004_hps_read_bit_gen/ --quartus_dir=C:/intelfpga_lite/18.1/quartus --verilog --config=C:/Users/chris/AppData/Local/Temp/alt8271_4898970266329181008.dir/0004_hps_read_bit_gen//soc_system_hps_read_bit_component_configuration.pl  --do_build_sim=0  ]
Info: hps_read_bit: Done RTL generation for module 'soc_system_hps_read_bit'
Info: hps_read_bit: "soc_system" instantiated altera_avalon_pio "hps_read_bit"
Info: jtag_uart: Starting RTL generation for module 'soc_system_jtag_uart'
Info: jtag_uart:   Generation command is [exec C:/intelfpga_lite/18.1/quartus/bin64/perl/bin/perl.exe -I C:/intelfpga_lite/18.1/quartus/bin64/perl/lib -I C:/intelfpga_lite/18.1/quartus/sopc_builder/bin/europa -I C:/intelfpga_lite/18.1/quartus/sopc_builder/bin/perl_lib -I C:/intelfpga_lite/18.1/quartus/sopc_builder/bin -I C:/intelfpga_lite/18.1/quartus/../ip/altera/sopc_builder_ip/common -I C:/intelfpga_lite/18.1/quartus/../ip/altera/sopc_builder_ip/altera_avalon_jtag_uart -- C:/intelfpga_lite/18.1/quartus/../ip/altera/sopc_builder_ip/altera_avalon_jtag_uart/generate_rtl.pl --name=soc_system_jtag_uart --dir=C:/Users/chris/AppData/Local/Temp/alt8271_4898970266329181008.dir/0005_jtag_uart_gen/ --quartus_dir=C:/intelfpga_lite/18.1/quartus --verilog --config=C:/Users/chris/AppData/Local/Temp/alt8271_4898970266329181008.dir/0005_jtag_uart_gen//soc_system_jtag_uart_component_configuration.pl  --do_build_sim=0  ]
Info: jtag_uart: Done RTL generation for module 'soc_system_jtag_uart'
Info: jtag_uart: "soc_system" instantiated altera_avalon_jtag_uart "jtag_uart"
Info: ledr: Starting RTL generation for module 'soc_system_ledr'
Info: ledr:   Generation command is [exec C:/intelfpga_lite/18.1/quartus/bin64/perl/bin/perl.exe -I C:/intelfpga_lite/18.1/quartus/bin64/perl/lib -I C:/intelfpga_lite/18.1/quartus/sopc_builder/bin/europa -I C:/intelfpga_lite/18.1/quartus/sopc_builder/bin/perl_lib -I C:/intelfpga_lite/18.1/quartus/sopc_builder/bin -I C:/intelfpga_lite/18.1/quartus/../ip/altera/sopc_builder_ip/common -I C:/intelfpga_lite/18.1/quartus/../ip/altera/sopc_builder_ip/altera_avalon_pio -- C:/intelfpga_lite/18.1/quartus/../ip/altera/sopc_builder_ip/altera_avalon_pio/generate_rtl.pl --name=soc_system_ledr --dir=C:/Users/chris/AppData/Local/Temp/alt8271_4898970266329181008.dir/0006_ledr_gen/ --quartus_dir=C:/intelfpga_lite/18.1/quartus --verilog --config=C:/Users/chris/AppData/Local/Temp/alt8271_4898970266329181008.dir/0006_ledr_gen//soc_system_ledr_component_configuration.pl  --do_build_sim=0  ]
Info: ledr: Done RTL generation for module 'soc_system_ledr'
Info: ledr: "soc_system" instantiated altera_avalon_pio "ledr"
Info: mm_bridge_0: "soc_system" instantiated altera_avalon_mm_bridge "mm_bridge_0"
Info: nios2_gen2: "soc_system" instantiated altera_nios2_gen2 "nios2_gen2"
Info: onchip_memory2: Starting RTL generation for module 'soc_system_onchip_memory2'
Info: onchip_memory2:   Generation command is [exec C:/intelfpga_lite/18.1/quartus/bin64/perl/bin/perl.exe -I C:/intelfpga_lite/18.1/quartus/bin64/perl/lib -I C:/intelfpga_lite/18.1/quartus/sopc_builder/bin/europa -I C:/intelfpga_lite/18.1/quartus/sopc_builder/bin/perl_lib -I C:/intelfpga_lite/18.1/quartus/sopc_builder/bin -I C:/intelfpga_lite/18.1/quartus/../ip/altera/sopc_builder_ip/common -I C:/intelfpga_lite/18.1/quartus/../ip/altera/sopc_builder_ip/altera_avalon_onchip_memory2 -- C:/intelfpga_lite/18.1/quartus/../ip/altera/sopc_builder_ip/altera_avalon_onchip_memory2/generate_rtl.pl --name=soc_system_onchip_memory2 --dir=C:/Users/chris/AppData/Local/Temp/alt8271_4898970266329181008.dir/0008_onchip_memory2_gen/ --quartus_dir=C:/intelfpga_lite/18.1/quartus --verilog --config=C:/Users/chris/AppData/Local/Temp/alt8271_4898970266329181008.dir/0008_onchip_memory2_gen//soc_system_onchip_memory2_component_configuration.pl  --do_build_sim=0  ]
Info: onchip_memory2: Done RTL generation for module 'soc_system_onchip_memory2'
Info: onchip_memory2: "soc_system" instantiated altera_avalon_onchip_memory2 "onchip_memory2"
Info: sw: Starting RTL generation for module 'soc_system_sw'
Info: sw:   Generation command is [exec C:/intelfpga_lite/18.1/quartus/bin64/perl/bin/perl.exe -I C:/intelfpga_lite/18.1/quartus/bin64/perl/lib -I C:/intelfpga_lite/18.1/quartus/sopc_builder/bin/europa -I C:/intelfpga_lite/18.1/quartus/sopc_builder/bin/perl_lib -I C:/intelfpga_lite/18.1/quartus/sopc_builder/bin -I C:/intelfpga_lite/18.1/quartus/../ip/altera/sopc_builder_ip/common -I C:/intelfpga_lite/18.1/quartus/../ip/altera/sopc_builder_ip/altera_avalon_pio -- C:/intelfpga_lite/18.1/quartus/../ip/altera/sopc_builder_ip/altera_avalon_pio/generate_rtl.pl --name=soc_system_sw --dir=C:/Users/chris/AppData/Local/Temp/alt8271_4898970266329181008.dir/0009_sw_gen/ --quartus_dir=C:/intelfpga_lite/18.1/quartus --verilog --config=C:/Users/chris/AppData/Local/Temp/alt8271_4898970266329181008.dir/0009_sw_gen//soc_system_sw_component_configuration.pl  --do_build_sim=0  ]
Info: sw: Done RTL generation for module 'soc_system_sw'
Info: sw: "soc_system" instantiated altera_avalon_pio "sw"
Info: sysid_qsys: "soc_system" instantiated altera_avalon_sysid_qsys "sysid_qsys"
Info: timer: Starting RTL generation for module 'soc_system_timer'
Info: timer:   Generation command is [exec C:/intelFPGA_lite/18.1/quartus/bin64//perl/bin/perl.exe -I C:/intelFPGA_lite/18.1/quartus/bin64//perl/lib -I C:/intelfpga_lite/18.1/quartus/sopc_builder/bin/europa -I C:/intelfpga_lite/18.1/quartus/sopc_builder/bin/perl_lib -I C:/intelfpga_lite/18.1/quartus/sopc_builder/bin -I C:/intelfpga_lite/18.1/quartus/../ip/altera/sopc_builder_ip/common -I C:/intelfpga_lite/18.1/quartus/../ip/altera/sopc_builder_ip/altera_avalon_timer -- C:/intelfpga_lite/18.1/quartus/../ip/altera/sopc_builder_ip/altera_avalon_timer/generate_rtl.pl --name=soc_system_timer --dir=C:/Users/chris/AppData/Local/Temp/alt8271_4898970266329181008.dir/0011_timer_gen/ --quartus_dir=C:/intelfpga_lite/18.1/quartus --verilog --config=C:/Users/chris/AppData/Local/Temp/alt8271_4898970266329181008.dir/0011_timer_gen//soc_system_timer_component_configuration.pl  --do_build_sim=0  ]
Info: timer: Done RTL generation for module 'soc_system_timer'
Info: timer: "soc_system" instantiated altera_avalon_timer "timer"
Info: avalon_st_adapter: Inserting error_adapter: error_adapter_0
Info: avalon_st_adapter_001: Inserting error_adapter: error_adapter_0
Info: avalon_st_adapter_002: Inserting error_adapter: error_adapter_0
Info: avalon_st_adapter_003: Inserting error_adapter: error_adapter_0
Info: avalon_st_adapter_004: Inserting error_adapter: error_adapter_0
Info: avalon_st_adapter_005: Inserting error_adapter: error_adapter_0
Info: avalon_st_adapter_006: Inserting error_adapter: error_adapter_0
Info: avalon_st_adapter_007: Inserting error_adapter: error_adapter_0
Info: avalon_st_adapter_008: Inserting error_adapter: error_adapter_0
Info: avalon_st_adapter_009: Inserting error_adapter: error_adapter_0
Info: avalon_st_adapter_010: Inserting error_adapter: error_adapter_0
Info: avalon_st_adapter_011: Inserting error_adapter: error_adapter_0
Info: avalon_st_adapter_012: Inserting error_adapter: error_adapter_0
Info: avalon_st_adapter_013: Inserting error_adapter: error_adapter_0
Info: avalon_st_adapter_014: Inserting error_adapter: error_adapter_0
Info: avalon_st_adapter_015: Inserting error_adapter: error_adapter_0
Info: avalon_st_adapter_016: Inserting error_adapter: error_adapter_0
Info: avalon_st_adapter_017: Inserting error_adapter: error_adapter_0
Info: avalon_st_adapter_018: Inserting error_adapter: error_adapter_0
Info: avalon_st_adapter_019: Inserting error_adapter: error_adapter_0
Info: avalon_st_adapter_020: Inserting error_adapter: error_adapter_0
Info: avalon_st_adapter_021: Inserting error_adapter: error_adapter_0
Info: avalon_st_adapter_022: Inserting error_adapter: error_adapter_0
Info: avalon_st_adapter_023: Inserting error_adapter: error_adapter_0
Info: avalon_st_adapter_024: Inserting error_adapter: error_adapter_0
Info: avalon_st_adapter_025: Inserting error_adapter: error_adapter_0
Info: avalon_st_adapter_026: Inserting error_adapter: error_adapter_0
Info: avalon_st_adapter_027: Inserting error_adapter: error_adapter_0
Info: avalon_st_adapter_028: Inserting error_adapter: error_adapter_0
Info: avalon_st_adapter_029: Inserting error_adapter: error_adapter_0
Info: avalon_st_adapter_030: Inserting error_adapter: error_adapter_0
Info: avalon_st_adapter_031: Inserting error_adapter: error_adapter_0
Info: avalon_st_adapter_032: Inserting error_adapter: error_adapter_0
Info: avalon_st_adapter_033: Inserting error_adapter: error_adapter_0
Info: avalon_st_adapter_034: Inserting error_adapter: error_adapter_0
Info: avalon_st_adapter_035: Inserting error_adapter: error_adapter_0
Info: avalon_st_adapter_036: Inserting error_adapter: error_adapter_0
Info: avalon_st_adapter_037: Inserting error_adapter: error_adapter_0
Info: avalon_st_adapter_038: Inserting error_adapter: error_adapter_0
Info: avalon_st_adapter_039: Inserting error_adapter: error_adapter_0
Info: avalon_st_adapter_040: Inserting error_adapter: error_adapter_0
Info: avalon_st_adapter_041: Inserting error_adapter: error_adapter_0
Info: mm_interconnect_0: "soc_system" instantiated altera_mm_interconnect "mm_interconnect_0"
Info: avalon_st_adapter: Inserting error_adapter: error_adapter_0
Info: mm_interconnect_1: "soc_system" instantiated altera_mm_interconnect "mm_interconnect_1"
Info: irq_mapper: "soc_system" instantiated altera_irq_mapper "irq_mapper"
Info: irq_mapper_001: "soc_system" instantiated altera_irq_mapper "irq_mapper_001"
Info: irq_mapper_002: "soc_system" instantiated altera_irq_mapper "irq_mapper_002"
Info: rst_controller: "soc_system" instantiated altera_reset_controller "rst_controller"
Info: fpga_interfaces: "hps_0" instantiated altera_interface_generator "fpga_interfaces"
Info: hps_io: "hps_0" instantiated altera_hps_io "hps_io"
Info: cpu: Starting RTL generation for module 'soc_system_nios2_gen2_cpu'
Info: cpu:   Generation command is [exec C:/intelFPGA_lite/18.1/quartus/bin64//eperlcmd.exe -I C:/intelFPGA_lite/18.1/quartus/bin64//perl/lib -I C:/intelfpga_lite/18.1/quartus/sopc_builder/bin/europa -I C:/intelfpga_lite/18.1/quartus/sopc_builder/bin/perl_lib -I C:/intelfpga_lite/18.1/quartus/sopc_builder/bin -I C:/intelfpga_lite/18.1/quartus/../ip/altera/nios2_ip/altera_nios2_gen2/cpu_lib -I C:/intelfpga_lite/18.1/quartus/../ip/altera/nios2_ip/altera_nios2_gen2/nios_lib -I C:/intelfpga_lite/18.1/quartus/../ip/altera/nios2_ip/altera_nios2_gen2 -I C:/intelfpga_lite/18.1/quartus/../ip/altera/nios2_ip/altera_nios2_gen2 -- C:/intelfpga_lite/18.1/quartus/../ip/altera/nios2_ip/altera_nios2_gen2/generate_rtl.epl --name=soc_system_nios2_gen2_cpu --dir=C:/Users/chris/AppData/Local/Temp/alt8271_4898970266329181008.dir/0017_cpu_gen/ --quartus_bindir=C:/intelFPGA_lite/18.1/quartus/bin64/ --verilog --config=C:/Users/chris/AppData/Local/Temp/alt8271_4898970266329181008.dir/0017_cpu_gen//soc_system_nios2_gen2_cpu_processor_configuration.pl  --do_build_sim=0  ]
Info: cpu: # 2020.01.09 18:54:32 (*) Starting Nios II generation
Info: cpu: # 2020.01.09 18:54:32 (*)   Checking for plaintext license.
Info: cpu: # 2020.01.09 18:54:32 (*)   Couldn't query license setup in Quartus directory C:/intelFPGA_lite/18.1/quartus/bin64/
Info: cpu: # 2020.01.09 18:54:32 (*)   Defaulting to contents of LM_LICENSE_FILE environment variable
Info: cpu: # 2020.01.09 18:54:32 (*)   LM_LICENSE_FILE environment variable is empty
Info: cpu: # 2020.01.09 18:54:32 (*)   Plaintext license not found.
Info: cpu: # 2020.01.09 18:54:32 (*)   No license required to generate encrypted Nios II/e.
Info: cpu: # 2020.01.09 18:54:32 (*)   Elaborating CPU configuration settings
Info: cpu: # 2020.01.09 18:54:32 (*)   Creating all objects for CPU
Info: cpu: # 2020.01.09 18:54:33 (*)   Generating RTL from CPU objects
Info: cpu: # 2020.01.09 18:54:33 (*)   Creating plain-text RTL
Info: cpu: # 2020.01.09 18:54:33 (*) Done Nios II generation
Info: cpu: Done RTL generation for module 'soc_system_nios2_gen2_cpu'
Info: cpu: "nios2_gen2" instantiated altera_nios2_gen2_unit "cpu"
Info: nios2_gen2_data_master_translator: "mm_interconnect_0" instantiated altera_merlin_master_translator "nios2_gen2_data_master_translator"
Info: jtag_uart_avalon_jtag_slave_translator: "mm_interconnect_0" instantiated altera_merlin_slave_translator "jtag_uart_avalon_jtag_slave_translator"
Info: nios2_gen2_data_master_agent: "mm_interconnect_0" instantiated altera_merlin_master_agent "nios2_gen2_data_master_agent"
Info: jtag_uart_avalon_jtag_slave_agent: "mm_interconnect_0" instantiated altera_merlin_slave_agent "jtag_uart_avalon_jtag_slave_agent"
Info: jtag_uart_avalon_jtag_slave_agent_rsp_fifo: "mm_interconnect_0" instantiated altera_avalon_sc_fifo "jtag_uart_avalon_jtag_slave_agent_rsp_fifo"
Info: router: "mm_interconnect_0" instantiated altera_merlin_router "router"
Info: router_001: "mm_interconnect_0" instantiated altera_merlin_router "router_001"
Info: router_002: "mm_interconnect_0" instantiated altera_merlin_router "router_002"
Info: router_003: "mm_interconnect_0" instantiated altera_merlin_router "router_003"
Info: router_005: "mm_interconnect_0" instantiated altera_merlin_router "router_005"
Info: router_006: "mm_interconnect_0" instantiated altera_merlin_router "router_006"
Info: router_007: "mm_interconnect_0" instantiated altera_merlin_router "router_007"
Info: router_009: "mm_interconnect_0" instantiated altera_merlin_router "router_009"
Info: mm_bridge_0_m0_limiter: "mm_interconnect_0" instantiated altera_merlin_traffic_limiter "mm_bridge_0_m0_limiter"
Info: Reusing file C:/Users/chris/Documents/HELEN/software/soc_system/synthesis/submodules/altera_avalon_sc_fifo.v
Info: cmd_demux: "mm_interconnect_0" instantiated altera_merlin_demultiplexer "cmd_demux"
Info: cmd_demux_001: "mm_interconnect_0" instantiated altera_merlin_demultiplexer "cmd_demux_001"
Info: cmd_demux_002: "mm_interconnect_0" instantiated altera_merlin_demultiplexer "cmd_demux_002"
Info: cmd_mux: "mm_interconnect_0" instantiated altera_merlin_multiplexer "cmd_mux"
Info: cmd_mux_004: "mm_interconnect_0" instantiated altera_merlin_multiplexer "cmd_mux_004"
Info: Reusing file C:/Users/chris/Documents/HELEN/software/soc_system/synthesis/submodules/altera_merlin_arbitrator.sv
Info: rsp_demux_004: "mm_interconnect_0" instantiated altera_merlin_demultiplexer "rsp_demux_004"
Info: rsp_mux: "mm_interconnect_0" instantiated altera_merlin_multiplexer "rsp_mux"
Info: Reusing file C:/Users/chris/Documents/HELEN/software/soc_system/synthesis/submodules/altera_merlin_arbitrator.sv
Info: rsp_mux_001: "mm_interconnect_0" instantiated altera_merlin_multiplexer "rsp_mux_001"
Info: Reusing file C:/Users/chris/Documents/HELEN/software/soc_system/synthesis/submodules/altera_merlin_arbitrator.sv
Info: rsp_mux_002: "mm_interconnect_0" instantiated altera_merlin_multiplexer "rsp_mux_002"
Info: Reusing file C:/Users/chris/Documents/HELEN/software/soc_system/synthesis/submodules/altera_merlin_arbitrator.sv
Info: onchip_memory2_s1_cmd_width_adapter: "mm_interconnect_0" instantiated altera_merlin_width_adapter "onchip_memory2_s1_cmd_width_adapter"
Info: Reusing file C:/Users/chris/Documents/HELEN/software/soc_system/synthesis/submodules/altera_merlin_burst_uncompressor.sv
Info: avalon_st_adapter: "mm_interconnect_0" instantiated altera_avalon_st_adapter "avalon_st_adapter"
Info: avalon_st_adapter_003: "mm_interconnect_0" instantiated altera_avalon_st_adapter "avalon_st_adapter_003"
Info: hps_0_h2f_lw_axi_master_agent: "mm_interconnect_1" instantiated altera_merlin_axi_master_ni "hps_0_h2f_lw_axi_master_agent"
Info: Reusing file C:/Users/chris/Documents/HELEN/software/soc_system/synthesis/submodules/altera_merlin_address_alignment.sv
Info: router: "mm_interconnect_1" instantiated altera_merlin_router "router"
Info: router_002: "mm_interconnect_1" instantiated altera_merlin_router "router_002"
Info: mm_bridge_0_s0_burst_adapter: "mm_interconnect_1" instantiated altera_merlin_burst_adapter "mm_bridge_0_s0_burst_adapter"
Info: Reusing file C:/Users/chris/Documents/HELEN/software/soc_system/synthesis/submodules/altera_merlin_address_alignment.sv
Info: Reusing file C:/Users/chris/Documents/HELEN/software/soc_system/synthesis/submodules/altera_avalon_st_pipeline_base.v
Info: cmd_demux: "mm_interconnect_1" instantiated altera_merlin_demultiplexer "cmd_demux"
Info: cmd_mux: "mm_interconnect_1" instantiated altera_merlin_multiplexer "cmd_mux"
Info: Reusing file C:/Users/chris/Documents/HELEN/software/soc_system/synthesis/submodules/altera_merlin_arbitrator.sv
Info: rsp_demux: "mm_interconnect_1" instantiated altera_merlin_demultiplexer "rsp_demux"
Info: rsp_mux: "mm_interconnect_1" instantiated altera_merlin_multiplexer "rsp_mux"
Info: Reusing file C:/Users/chris/Documents/HELEN/software/soc_system/synthesis/submodules/altera_merlin_arbitrator.sv
Info: border: "hps_io" instantiated altera_interface_generator "border"
Info: error_adapter_0: "avalon_st_adapter" instantiated error_adapter "error_adapter_0"
Info: error_adapter_0: "avalon_st_adapter_003" instantiated error_adapter "error_adapter_0"
Info: soc_system: Done "soc_system" with 59 modules, 126 files
Info: qsys-generate succeeded.
Info: Finished: Create HDL design files for synthesis
